2021-50-25 20:50:45.005 [main] INFO  ru.gb.storage.server.ServerHandler - Server started
2021-45-25 23:45:05.868 [main] INFO  ru.gb.storage.server.ServerHandler - Server started
2021-46-25 23:46:44.003 [main] INFO  ru.gb.storage.server.ServerHandler - Server started
2021-46-25 23:46:48.654 [nioEventLoopGroup-3-1] INFO  ru.gb.storage.server.ServerHandler - File request message received of testToSend.txt
2021-11-25 23:49:17 [main] INFO  ru.gb.storage.server.ServerHandler - Server started
2021-11-25 23:49:20 [nioEventLoopGroup-3-1] INFO  ru.gb.storage.server.ServerHandler - File request message received of File: testToSend.txt
2021-11-27 11:37:42 [main] INFO  ru.gb.storage.server.ServerHandler - Server started
2021-11-27 11:37:49 [nioEventLoopGroup-3-1] INFO  ru.gb.storage.server.ServerHandler - File request message received of File: testToSend.txt
2021-11-27 12:01:28 [main] INFO  ru.gb.storage.server.ServerHandler - Server started
2021-11-27 12:03:37 [main] INFO  ru.gb.storage.server.ServerHandler - Server started
2021-11-27 12:05:10 [main] INFO  ru.gb.storage.server.ServerHandler - Server started
2021-11-27 12:05:39 [main] INFO  ru.gb.storage.server.ServerHandler - Server started
2021-11-27 12:11:37 [main] INFO  ru.gb.storage.server.ServerHandler - Server started
2021-11-27 12:14:36 [main] INFO  ru.gb.storage.server.ServerHandler - Server started
2021-11-27 12:19:29 [main] INFO  ru.gb.storage.server.ServerHandler - Server started
2021-11-27 12:22:31 [main] INFO  ru.gb.storage.server.ServerHandler - Server started
2021-11-27 12:22:35 [nioEventLoopGroup-3-1] INFO  ru.gb.storage.server.ServerHandler - Received new AuthMessage.
2021-11-27 12:22:36 [nioEventLoopGroup-3-1] INFO  ru.gb.storage.server.ServerHandler - SQL connected
2021-11-27 12:22:36 [nioEventLoopGroup-3-1] ERROR ru.gb.storage.server.ServerHandler - SQL Exception during login verification.
2021-11-27 12:24:51 [main] INFO  ru.gb.storage.server.ServerHandler - Server started
2021-11-27 12:24:56 [nioEventLoopGroup-3-1] INFO  ru.gb.storage.server.ServerHandler - Received new AuthMessage.
2021-11-27 12:24:56 [nioEventLoopGroup-3-1] INFO  ru.gb.storage.server.ServerHandler - SQL connected
2021-11-27 12:24:56 [nioEventLoopGroup-3-1] INFO  ru.gb.storage.server.ServerHandler - Successful authentication. Login: login1
2021-11-27 12:24:56 [nioEventLoopGroup-3-1] INFO  ru.gb.storage.server.ServerHandler - SQL connection closed
2021-11-27 12:25:55 [main] INFO  ru.gb.storage.server.ServerHandler - Server started
2021-11-27 12:26:00 [nioEventLoopGroup-3-1] INFO  ru.gb.storage.server.ServerHandler - Received new AuthMessage.
2021-11-27 12:26:00 [nioEventLoopGroup-3-1] INFO  ru.gb.storage.server.ServerHandler - SQL connected
2021-11-27 12:26:00 [nioEventLoopGroup-3-1] INFO  ru.gb.storage.server.ServerHandler - Successful authentication. Login: login1
2021-11-27 12:26:00 [nioEventLoopGroup-3-1] INFO  ru.gb.storage.server.ServerHandler - SQL connection closed
2021-11-27 12:27:58 [main] INFO  ru.gb.storage.server.ServerHandler - Server started
2021-11-27 12:28:02 [nioEventLoopGroup-3-1] INFO  ru.gb.storage.server.ServerHandler - Received new AuthMessage.
2021-11-27 12:28:02 [nioEventLoopGroup-3-1] INFO  ru.gb.storage.server.ServerHandler - SQL connected
2021-11-27 12:28:02 [nioEventLoopGroup-3-1] INFO  ru.gb.storage.server.ServerHandler - Successful authentication. Login: login1
2021-11-27 12:28:02 [nioEventLoopGroup-3-1] INFO  ru.gb.storage.server.ServerHandler - SQL connection closed
2021-11-27 12:29:14 [main] INFO  ru.gb.storage.server.ServerHandler - Server started
2021-11-27 12:29:21 [nioEventLoopGroup-3-1] INFO  ru.gb.storage.server.ServerHandler - Received new AuthMessage.
2021-11-27 12:29:21 [nioEventLoopGroup-3-1] INFO  ru.gb.storage.server.ServerHandler - SQL connected
2021-11-27 12:29:21 [nioEventLoopGroup-3-1] INFO  ru.gb.storage.server.ServerHandler - Successful authentication. Login: login1
2021-11-27 12:29:21 [nioEventLoopGroup-3-1] INFO  ru.gb.storage.server.ServerHandler - SQL connection closed
2021-11-27 12:30:30 [main] INFO  ru.gb.storage.server.ServerHandler - Server started
2021-11-27 12:30:34 [nioEventLoopGroup-3-1] INFO  ru.gb.storage.server.ServerHandler - Received new AuthMessage.
2021-11-27 12:30:34 [nioEventLoopGroup-3-1] INFO  ru.gb.storage.server.ServerHandler - SQL connected
2021-11-27 12:30:34 [nioEventLoopGroup-3-1] INFO  ru.gb.storage.server.ServerHandler - Successful authentication. Login: login1
2021-11-27 12:30:34 [nioEventLoopGroup-3-1] INFO  ru.gb.storage.server.ServerHandler - SQL connection closed
2021-11-27 12:32:24 [main] INFO  ru.gb.storage.server.ServerHandler - Server started
2021-11-27 12:32:29 [nioEventLoopGroup-3-1] INFO  ru.gb.storage.server.ServerHandler - Received new AuthMessage.
2021-11-27 12:32:29 [nioEventLoopGroup-3-1] INFO  ru.gb.storage.server.ServerHandler - SQL connected
2021-11-27 12:33:09 [main] INFO  ru.gb.storage.server.ServerHandler - Server started
2021-11-27 12:33:14 [nioEventLoopGroup-3-1] INFO  ru.gb.storage.server.ServerHandler - Received new AuthMessage.
2021-11-27 12:33:14 [nioEventLoopGroup-3-1] INFO  ru.gb.storage.server.ServerHandler - SQL connected
2021-11-27 12:33:14 [nioEventLoopGroup-3-1] INFO  ru.gb.storage.server.ServerHandler - Authentication failed. Incorrect password. Login: login1
2021-11-27 12:33:14 [nioEventLoopGroup-3-1] INFO  ru.gb.storage.server.ServerHandler - SQL connection closed
2021-11-27 12:34:20 [main] INFO  ru.gb.storage.server.ServerHandler - Server started
2021-11-27 12:34:24 [nioEventLoopGroup-3-1] INFO  ru.gb.storage.server.ServerHandler - Received new AuthMessage.
2021-11-27 12:34:24 [nioEventLoopGroup-3-1] INFO  ru.gb.storage.server.ServerHandler - SQL connected
2021-11-27 12:34:24 [nioEventLoopGroup-3-1] INFO  ru.gb.storage.server.ServerHandler - Authentication failed. Incorrect password. Login: login1
2021-11-27 12:34:24 [nioEventLoopGroup-3-1] INFO  ru.gb.storage.server.ServerHandler - SQL connection closed
2021-11-27 12:34:39 [nioEventLoopGroup-3-2] INFO  ru.gb.storage.server.ServerHandler - Received new AuthMessage.
2021-11-27 12:34:39 [nioEventLoopGroup-3-2] INFO  ru.gb.storage.server.ServerHandler - SQL connected
2021-11-27 12:34:39 [nioEventLoopGroup-3-2] INFO  ru.gb.storage.server.ServerHandler - Successful authentication. Login: login2
2021-11-27 12:34:39 [nioEventLoopGroup-3-2] INFO  ru.gb.storage.server.ServerHandler - SQL connection closed
2021-11-27 12:34:53 [nioEventLoopGroup-3-3] INFO  ru.gb.storage.server.ServerHandler - Received new AuthMessage.
2021-11-27 12:34:53 [nioEventLoopGroup-3-3] INFO  ru.gb.storage.server.ServerHandler - SQL connected
2021-11-27 12:34:53 [nioEventLoopGroup-3-3] INFO  ru.gb.storage.server.ServerHandler - Authentication failed. Incorrect password. Login: login3
2021-11-27 12:34:53 [nioEventLoopGroup-3-3] INFO  ru.gb.storage.server.ServerHandler - SQL connection closed
2021-11-27 12:35:02 [nioEventLoopGroup-3-4] INFO  ru.gb.storage.server.ServerHandler - Received new AuthMessage.
2021-11-27 12:35:02 [nioEventLoopGroup-3-4] INFO  ru.gb.storage.server.ServerHandler - SQL connected
2021-11-27 12:35:02 [nioEventLoopGroup-3-4] INFO  ru.gb.storage.server.ServerHandler - Authentication failed. Incorrect login: login4
2021-11-27 12:35:02 [nioEventLoopGroup-3-4] INFO  ru.gb.storage.server.ServerHandler - SQL connection closed
2021-11-27 12:39:13 [nioEventLoopGroup-3-5] INFO  ru.gb.storage.server.ServerHandler - Received new AuthMessage.
2021-11-27 12:39:13 [nioEventLoopGroup-3-5] INFO  ru.gb.storage.server.ServerHandler - SQL connected
2021-11-27 12:39:13 [nioEventLoopGroup-3-5] INFO  ru.gb.storage.server.ServerHandler - Authentication failed. Incorrect password. Login: login1
2021-11-27 12:39:13 [nioEventLoopGroup-3-5] INFO  ru.gb.storage.server.ServerHandler - SQL connection closed
2021-11-27 12:39:24 [nioEventLoopGroup-3-6] INFO  ru.gb.storage.server.ServerHandler - Received new AuthMessage.
2021-11-27 12:39:24 [nioEventLoopGroup-3-6] INFO  ru.gb.storage.server.ServerHandler - SQL connected
2021-11-27 12:39:24 [nioEventLoopGroup-3-6] INFO  ru.gb.storage.server.ServerHandler - Authentication failed. Incorrect login: login5
2021-11-27 12:39:24 [nioEventLoopGroup-3-6] INFO  ru.gb.storage.server.ServerHandler - SQL connection closed
2021-11-27 12:39:35 [nioEventLoopGroup-3-7] INFO  ru.gb.storage.server.ServerHandler - Received new AuthMessage.
2021-11-27 12:39:35 [nioEventLoopGroup-3-7] INFO  ru.gb.storage.server.ServerHandler - SQL connected
2021-11-27 12:39:35 [nioEventLoopGroup-3-7] INFO  ru.gb.storage.server.ServerHandler - Successful authentication. Login: login2
2021-11-27 12:39:35 [nioEventLoopGroup-3-7] INFO  ru.gb.storage.server.ServerHandler - SQL connection closed
2021-11-27 12:41:06 [nioEventLoopGroup-3-8] INFO  ru.gb.storage.server.ServerHandler - Received new AuthMessage.
2021-11-27 12:41:06 [nioEventLoopGroup-3-8] INFO  ru.gb.storage.server.ServerHandler - SQL connected
2021-11-27 12:41:06 [nioEventLoopGroup-3-8] INFO  ru.gb.storage.server.ServerHandler - Authentication failed. Incorrect login: login4
2021-11-27 12:41:06 [nioEventLoopGroup-3-8] INFO  ru.gb.storage.server.ServerHandler - SQL connection closed
2021-11-27 12:41:53 [main] INFO  ru.gb.storage.server.ServerHandler - Server started
2021-11-27 12:41:56 [nioEventLoopGroup-3-1] INFO  ru.gb.storage.server.ServerHandler - Received new AuthMessage.
2021-11-27 12:41:56 [nioEventLoopGroup-3-1] INFO  ru.gb.storage.server.ServerHandler - SQL connected
2021-11-27 12:41:56 [nioEventLoopGroup-3-1] INFO  ru.gb.storage.server.ServerHandler - Authentication failed. Incorrect login: login4
2021-11-27 12:41:56 [nioEventLoopGroup-3-1] INFO  ru.gb.storage.server.ServerHandler - SQL connection closed
2021-11-27 12:42:10 [main] INFO  ru.gb.storage.server.ServerHandler - Server started
2021-11-27 12:42:13 [nioEventLoopGroup-3-1] INFO  ru.gb.storage.server.ServerHandler - Received new AuthMessage.
2021-11-27 12:42:13 [nioEventLoopGroup-3-1] INFO  ru.gb.storage.server.ServerHandler - SQL connected
2021-11-27 12:42:13 [nioEventLoopGroup-3-1] INFO  ru.gb.storage.server.ServerHandler - Authentication failed. Incorrect login: login4
2021-11-27 12:42:13 [nioEventLoopGroup-3-1] INFO  ru.gb.storage.server.ServerHandler - SQL connection closed
2021-11-27 12:42:34 [main] INFO  ru.gb.storage.server.ServerHandler - Server started
2021-11-27 12:42:37 [nioEventLoopGroup-3-1] INFO  ru.gb.storage.server.ServerHandler - Received new AuthMessage.
2021-11-27 12:42:37 [nioEventLoopGroup-3-1] INFO  ru.gb.storage.server.ServerHandler - SQL connected
2021-11-27 12:42:37 [nioEventLoopGroup-3-1] INFO  ru.gb.storage.server.ServerHandler - Authentication failed. Incorrect login: login4
2021-11-27 12:42:37 [nioEventLoopGroup-3-1] INFO  ru.gb.storage.server.ServerHandler - SQL connection closed
2021-11-27 12:43:29 [main] INFO  ru.gb.storage.server.ServerHandler - Server started
2021-11-27 12:43:38 [nioEventLoopGroup-3-1] INFO  ru.gb.storage.server.ServerHandler - Received new AuthRegisterMessage
2021-11-27 12:43:38 [nioEventLoopGroup-3-1] INFO  ru.gb.storage.server.ServerHandler - SQL connected
2021-11-27 12:43:38 [nioEventLoopGroup-3-1] INFO  ru.gb.storage.server.ServerHandler - Registered new user. Login: login4
2021-11-27 12:43:38 [nioEventLoopGroup-3-1] INFO  ru.gb.storage.server.ServerHandler - SQL connection closed
2021-11-27 14:02:51 [nioEventLoopGroup-3-2] INFO  ru.gb.storage.server.ServerHandler - Received new AuthRegisterMessage
2021-11-27 14:02:51 [nioEventLoopGroup-3-2] INFO  ru.gb.storage.server.ServerHandler - SQL connected
2021-11-27 14:02:51 [nioEventLoopGroup-3-2] INFO  ru.gb.storage.server.ServerHandler - Registering new user failed. Login is already exist: login4
2021-11-27 14:02:51 [nioEventLoopGroup-3-2] INFO  ru.gb.storage.server.ServerHandler - SQL connection closed
2021-11-27 14:24:11 [main] INFO  ru.gb.storage.server.ServerHandler - Server started
2021-11-27 14:24:19 [nioEventLoopGroup-3-1] ERROR ru.gb.storage.server.ServerHandler - Error while creating directory at cloud storage: \server\cloud-storage\login1
2021-11-27 14:24:49 [main] INFO  ru.gb.storage.server.ServerHandler - Server started
2021-11-27 14:25:59 [nioEventLoopGroup-3-1] ERROR ru.gb.storage.server.ServerHandler - Error while creating directory at cloud storage: \server\cloud-storage\login1
2021-11-27 14:26:06 [main] INFO  ru.gb.storage.server.ServerHandler - Server started
2021-11-27 14:27:01 [main] INFO  ru.gb.storage.server.ServerHandler - Server started
2021-11-27 14:48:13 [main] INFO  ru.gb.storage.server.ServerHandler - Server started
2021-11-27 14:49:30 [main] INFO  ru.gb.storage.server.ServerHandler - Server started
2021-11-27 15:39:41 [main] INFO  ru.gb.storage.server.ServerHandler - Server started
2021-11-27 15:48:25 [main] INFO  ru.gb.storage.server.ServerHandler - Server started
2021-11-27 15:49:07 [main] INFO  ru.gb.storage.server.ServerHandler - Server started
2021-11-27 16:41:01 [main] INFO  ru.gb.storage.server.ServerHandler - Server started
2021-11-27 16:42:56 [main] INFO  ru.gb.storage.server.ServerHandler - Server started
2021-11-27 16:59:10 [main] INFO  ru.gb.storage.server.ServerHandler - Server started
2021-11-27 16:59:45 [main] INFO  ru.gb.storage.server.ServerHandler - Server started
2021-11-27 17:05:03 [main] INFO  ru.gb.storage.server.ServerHandler - Server started
2021-11-27 17:05:54 [main] INFO  ru.gb.storage.server.ServerHandler - Server started
2021-11-27 17:09:52 [main] INFO  ru.gb.storage.server.ServerHandler - Server started
2021-11-27 17:10:59 [main] INFO  ru.gb.storage.server.ServerHandler - Server started
2021-11-27 17:14:00 [main] INFO  ru.gb.storage.server.ServerHandler - Server started
2021-11-27 17:14:25 [main] INFO  ru.gb.storage.server.ServerHandler - Server started
2021-11-27 17:14:42 [main] INFO  ru.gb.storage.server.ServerHandler - Server started
2021-11-27 17:18:57 [main] INFO  ru.gb.storage.server.ServerHandler - Server started
2021-11-27 17:26:36 [main] INFO  ru.gb.storage.server.ServerHandler - Server started
2021-11-27 17:28:14 [main] INFO  ru.gb.storage.server.ServerHandler - Server started
2021-11-27 17:32:47 [main] INFO  ru.gb.storage.server.ServerHandler - Server started
2021-11-27 17:38:31 [main] INFO  ru.gb.storage.server.ServerHandler - Server started
2021-11-27 17:49:06 [main] INFO  ru.gb.storage.server.ServerHandler - Server started
2021-11-27 17:51:37 [main] INFO  ru.gb.storage.server.ServerHandler - Server started
2021-11-27 17:52:54 [main] INFO  ru.gb.storage.server.ServerHandler - Server started
2021-11-27 17:55:35 [main] INFO  ru.gb.storage.server.ServerHandler - Server started
2021-11-27 17:56:39 [main] INFO  ru.gb.storage.server.ServerHandler - Server started
2021-11-27 17:57:51 [main] INFO  ru.gb.storage.server.ServerHandler - Server started
2021-11-27 17:59:07 [main] INFO  ru.gb.storage.server.ServerHandler - Server started
2021-11-27 17:59:33 [main] INFO  ru.gb.storage.server.ServerHandler - Server started
2021-11-27 18:03:01 [main] INFO  ru.gb.storage.server.ServerHandler - Server started
2021-11-27 18:03:26 [main] INFO  ru.gb.storage.server.ServerHandler - Server started
2021-11-27 19:02:08 [main] INFO  ru.gb.storage.server.ServerHandler - Server started
2021-11-27 19:02:57 [main] INFO  ru.gb.storage.server.ServerHandler - Server started
2021-11-27 19:08:50 [main] INFO  ru.gb.storage.server.ServerHandler - Server started
2021-11-27 19:09:41 [main] INFO  ru.gb.storage.server.ServerHandler - Server started
2021-11-27 19:11:12 [main] INFO  ru.gb.storage.server.ServerHandler - Server started
2021-11-27 19:12:22 [main] INFO  ru.gb.storage.server.ServerHandler - Server started
2021-11-27 19:15:12 [main] INFO  ru.gb.storage.server.ServerHandler - Server started
2021-11-27 19:21:22 [main] INFO  ru.gb.storage.server.ServerHandler - Server started
2021-11-27 19:31:19 [main] INFO  ru.gb.storage.server.ServerHandler - Server started
2021-11-27 19:32:51 [main] INFO  ru.gb.storage.server.ServerHandler - Server started
2021-11-27 19:40:50 [main] INFO  ru.gb.storage.server.ServerHandler - Server started
2021-11-27 19:41:20 [main] INFO  ru.gb.storage.server.ServerHandler - Server started
2021-11-27 19:42:11 [main] INFO  ru.gb.storage.server.ServerHandler - Server started
2021-11-27 19:44:30 [main] INFO  ru.gb.storage.server.ServerHandler - Server started
2021-11-27 19:46:35 [main] INFO  ru.gb.storage.server.ServerHandler - Server started
2021-11-27 19:47:44 [main] INFO  ru.gb.storage.server.ServerHandler - Server started
2021-11-27 19:47:58 [main] INFO  ru.gb.storage.server.ServerHandler - Server started
2021-11-27 19:48:59 [main] INFO  ru.gb.storage.server.ServerHandler - Server started
2021-11-27 20:12:37 [main] INFO  ru.gb.storage.server.ServerHandler - Server started
2021-11-27 20:12:43 [nioEventLoopGroup-3-1] INFO  ru.gb.storage.server.ServerHandler - Received new StorageFileDeleteMessage
2021-11-27 20:12:43 [nioEventLoopGroup-3-1] INFO  ru.gb.storage.server.ServerHandler - Requested deleting: jh
2021-11-27 20:12:43 [nioEventLoopGroup-3-1] ERROR ru.gb.storage.server.ServerHandler - IOException while deleting file: server\cloud-storage\login1\jh
2021-11-27 20:12:43 [nioEventLoopGroup-3-1] INFO  ru.gb.storage.server.ServerHandler - Failed to delete file jh
2021-11-27 20:12:43 [nioEventLoopGroup-3-1] INFO  ru.gb.storage.server.ServerHandler - Sent updated file list to client.
2021-11-27 20:14:27 [main] INFO  ru.gb.storage.server.ServerHandler - Server started
2021-11-27 20:14:30 [nioEventLoopGroup-3-1] INFO  ru.gb.storage.server.ServerHandler - Received new StorageFileDeleteMessage
2021-11-27 20:14:30 [nioEventLoopGroup-3-1] INFO  ru.gb.storage.server.ServerHandler - Requested deleting: jh
2021-11-27 20:14:30 [nioEventLoopGroup-3-1] ERROR ru.gb.storage.server.ServerHandler - NoSuchFileException while deleting file: server\cloud-storage\login1\jh
2021-11-27 20:14:30 [nioEventLoopGroup-3-1] INFO  ru.gb.storage.server.ServerHandler - Failed to delete file jh
2021-11-27 20:14:30 [nioEventLoopGroup-3-1] INFO  ru.gb.storage.server.ServerHandler - Sent updated file list to client.
2021-11-27 20:15:18 [nioEventLoopGroup-3-2] INFO  ru.gb.storage.server.ServerHandler - Received new StorageFileDeleteMessage
2021-11-27 20:15:18 [nioEventLoopGroup-3-2] INFO  ru.gb.storage.server.ServerHandler - Requested deleting: jh
2021-11-27 20:15:18 [nioEventLoopGroup-3-2] INFO  ru.gb.storage.server.ServerHandler - File jh deleted.
2021-11-27 20:15:18 [nioEventLoopGroup-3-2] INFO  ru.gb.storage.server.ServerHandler - Sent updated file list to client.
2021-11-27 20:20:21 [main] INFO  ru.gb.storage.server.ServerHandler - Server started
2021-11-27 20:20:29 [nioEventLoopGroup-3-1] INFO  ru.gb.storage.server.ServerHandler - Channel registered.
2021-11-27 20:20:29 [nioEventLoopGroup-3-1] INFO  ru.gb.storage.server.ServerHandler - Channel is active.
2021-11-27 20:20:29 [nioEventLoopGroup-3-1] INFO  ru.gb.storage.server.ServerHandler - Received new StorageFileDeleteMessage
2021-11-27 20:20:29 [nioEventLoopGroup-3-1] INFO  ru.gb.storage.server.ServerHandler - Requested deleting: jh
2021-11-27 20:20:29 [nioEventLoopGroup-3-1] ERROR ru.gb.storage.server.ServerHandler - NoSuchFileException while deleting file: server\cloud-storage\login1\jh
2021-11-27 20:20:29 [nioEventLoopGroup-3-1] INFO  ru.gb.storage.server.ServerHandler - Failed to delete file jh
2021-11-27 20:20:29 [nioEventLoopGroup-3-1] INFO  ru.gb.storage.server.ServerHandler - Sent updated file list to client.
2021-11-27 20:20:49 [nioEventLoopGroup-3-1] ERROR ru.gb.storage.server.ServerHandler - Exception while channel activity
2021-11-27 20:20:49 [nioEventLoopGroup-3-1] INFO  ru.gb.storage.server.ServerHandler - Channel is inactive.
2021-11-27 20:20:49 [nioEventLoopGroup-3-1] INFO  ru.gb.storage.server.ServerHandler - Channel unregistered.
2021-11-27 20:20:52 [nioEventLoopGroup-3-2] INFO  ru.gb.storage.server.ServerHandler - Channel registered.
2021-11-27 20:20:52 [nioEventLoopGroup-3-2] INFO  ru.gb.storage.server.ServerHandler - Channel is active.
